<?xml version="1.0" encoding="UTF-8"?>
<!-- Generated by org.testng.reporters.JUnitReportReporter -->
<testsuite hostname="DESKTOP-QPQVQE9" failures="0" tests="2" name="com.dollardays.testcases.LoginTestcase" time="34.220" errors="0" timestamp="2020-11-04T16:54:13 EST" skipped="0">
  <testcase classname="com.dollardays.testcases.LoginTestcase" name="invokeLogin" time="20.475"/>
  <system-out/>
  <testcase classname="com.dollardays.testcases.LoginTestcase" name="invokeLogin1" time="13.745"/>
  <system-out/>
</testsuite> <!-- com.dollardays.testcases.LoginTestcase -->
